{"D:\\1. Develop\\2. ОБучение\\2. NodeJS\\2. Projects\\2. Typoteka\\1805971-typoteka-3\\src\\constants.js": {"path":"D:\\1. Develop\\2. ОБучение\\2. NodeJS\\2. Projects\\2. Typoteka\\1805971-typoteka-3\\src\\constants.js","statementMap":{"0":{"start":{"line":3,"column":24},"end":{"line":3,"column":34}},"1":{"start":{"line":4,"column":24},"end":{"line":4,"column":25}},"2":{"start":{"line":6,"column":17},"end":{"line":9,"column":1}},"3":{"start":{"line":11,"column":0},"end":{"line":13,"column":2}},"4":{"start":{"line":15,"column":0},"end":{"line":23,"column":2}},"5":{"start":{"line":25,"column":0},"end":{"line":25,"column":35}},"6":{"start":{"line":27,"column":0},"end":{"line":30,"column":2}}},"fnMap":{},"branchMap":{},"s":{"0":3,"1":3,"2":3,"3":3,"4":3,"5":3,"6":3},"f":{},"b":{},"_coverageSchema":"1a1c01bbd47fc00a2c39e90264f33305004495a9","hash":"0f50ad56b071ad36ec9a258cc7b4e88527ed006e"}
,"D:\\1. Develop\\2. ОБучение\\2. NodeJS\\2. Projects\\2. Typoteka\\1805971-typoteka-3\\src\\utils.js": {"path":"D:\\1. Develop\\2. ОБучение\\2. NodeJS\\2. Projects\\2. Typoteka\\1805971-typoteka-3\\src\\utils.js","statementMap":{"0":{"start":{"line":3,"column":21},"end":{"line":7,"column":1}},"1":{"start":{"line":4,"column":2},"end":{"line":4,"column":23}},"2":{"start":{"line":5,"column":2},"end":{"line":5,"column":24}},"3":{"start":{"line":6,"column":2},"end":{"line":6,"column":59}},"4":{"start":{"line":9,"column":16},"end":{"line":16,"column":1}},"5":{"start":{"line":10,"column":2},"end":{"line":13,"column":3}},"6":{"start":{"line":10,"column":15},"end":{"line":10,"column":35}},"7":{"start":{"line":11,"column":27},"end":{"line":11,"column":56}},"8":{"start":{"line":12,"column":4},"end":{"line":12,"column":90}},"9":{"start":{"line":15,"column":2},"end":{"line":15,"column":19}},"10":{"start":{"line":18,"column":19},"end":{"line":28,"column":1}},"11":{"start":{"line":19,"column":13},"end":{"line":19,"column":23}},"12":{"start":{"line":21,"column":2},"end":{"line":21,"column":41}},"13":{"start":{"line":23,"column":24},"end":{"line":23,"column":42}},"14":{"start":{"line":24,"column":20},"end":{"line":24,"column":70}},"15":{"start":{"line":25,"column":20},"end":{"line":25,"column":99}},"16":{"start":{"line":27,"column":2},"end":{"line":27,"column":37}},"17":{"start":{"line":30,"column":0},"end":{"line":32,"column":2}}},"fnMap":{"0":{"name":"(anonymous_0)","decl":{"start":{"line":3,"column":21},"end":{"line":3,"column":22}},"loc":{"start":{"line":3,"column":35},"end":{"line":7,"column":1}},"line":3},"1":{"name":"(anonymous_1)","decl":{"start":{"line":9,"column":16},"end":{"line":9,"column":17}},"loc":{"start":{"line":9,"column":31},"end":{"line":16,"column":1}},"line":9},"2":{"name":"(anonymous_2)","decl":{"start":{"line":18,"column":19},"end":{"line":18,"column":20}},"loc":{"start":{"line":18,"column":36},"end":{"line":28,"column":1}},"line":18}},"branchMap":{"0":{"loc":{"start":{"line":18,"column":20},"end":{"line":18,"column":31}},"type":"default-arg","locations":[{"start":{"line":18,"column":30},"end":{"line":18,"column":31}}],"line":18}},"s":{"0":1,"1":0,"2":0,"3":0,"4":1,"5":0,"6":0,"7":0,"8":0,"9":0,"10":1,"11":1,"12":1,"13":1,"14":1,"15":1,"16":1,"17":1},"f":{"0":0,"1":0,"2":1},"b":{"0":[0]},"_coverageSchema":"1a1c01bbd47fc00a2c39e90264f33305004495a9","hash":"e1843c6e0d68680b1659c25600fd265415b3ca75"}
,"D:\\1. Develop\\2. ОБучение\\2. NodeJS\\2. Projects\\2. Typoteka\\1805971-typoteka-3\\src\\service\\api\\article.js": {"path":"D:\\1. Develop\\2. ОБучение\\2. NodeJS\\2. Projects\\2. Typoteka\\1805971-typoteka-3\\src\\service\\api\\article.js","statementMap":{"0":{"start":{"line":3,"column":17},"end":{"line":3,"column":35}},"1":{"start":{"line":5,"column":19},"end":{"line":5,"column":45}},"2":{"start":{"line":6,"column":25},"end":{"line":6,"column":68}},"3":{"start":{"line":7,"column":21},"end":{"line":7,"column":61}},"4":{"start":{"line":8,"column":25},"end":{"line":8,"column":68}},"5":{"start":{"line":9,"column":21},"end":{"line":9,"column":60}},"6":{"start":{"line":11,"column":14},"end":{"line":11,"column":26}},"7":{"start":{"line":13,"column":0},"end":{"line":85,"column":2}},"8":{"start":{"line":14,"column":2},"end":{"line":14,"column":30}},"9":{"start":{"line":16,"column":2},"end":{"line":21,"column":5}},"10":{"start":{"line":17,"column":21},"end":{"line":17,"column":51}},"11":{"start":{"line":19,"column":4},"end":{"line":20,"column":22}},"12":{"start":{"line":23,"column":2},"end":{"line":28,"column":5}},"13":{"start":{"line":24,"column":20},"end":{"line":24,"column":51}},"14":{"start":{"line":26,"column":4},"end":{"line":27,"column":21}},"15":{"start":{"line":30,"column":2},"end":{"line":36,"column":5}},"16":{"start":{"line":31,"column":24},"end":{"line":31,"column":34}},"17":{"start":{"line":32,"column":20},"end":{"line":32,"column":62}},"18":{"start":{"line":34,"column":4},"end":{"line":35,"column":21}},"19":{"start":{"line":38,"column":2},"end":{"line":44,"column":5}},"20":{"start":{"line":39,"column":24},"end":{"line":39,"column":34}},"21":{"start":{"line":40,"column":20},"end":{"line":40,"column":50}},"22":{"start":{"line":42,"column":4},"end":{"line":43,"column":21}},"23":{"start":{"line":46,"column":2},"end":{"line":57,"column":5}},"24":{"start":{"line":47,"column":24},"end":{"line":47,"column":34}},"25":{"start":{"line":48,"column":20},"end":{"line":48,"column":53}},"26":{"start":{"line":50,"column":4},"end":{"line":53,"column":5}},"27":{"start":{"line":51,"column":6},"end":{"line":52,"column":45}},"28":{"start":{"line":55,"column":4},"end":{"line":56,"column":23}},"29":{"start":{"line":59,"column":2},"end":{"line":65,"column":5}},"30":{"start":{"line":60,"column":24},"end":{"line":60,"column":34}},"31":{"start":{"line":61,"column":20},"end":{"line":61,"column":59}},"32":{"start":{"line":63,"column":4},"end":{"line":64,"column":19}},"33":{"start":{"line":68,"column":2},"end":{"line":75,"column":5}},"34":{"start":{"line":69,"column":24},"end":{"line":69,"column":34}},"35":{"start":{"line":71,"column":20},"end":{"line":71,"column":68}},"36":{"start":{"line":73,"column":4},"end":{"line":74,"column":19}},"37":{"start":{"line":77,"column":2},"end":{"line":84,"column":5}},"38":{"start":{"line":78,"column":35},"end":{"line":78,"column":45}},"39":{"start":{"line":80,"column":20},"end":{"line":80,"column":67}},"40":{"start":{"line":82,"column":4},"end":{"line":83,"column":19}}},"fnMap":{"0":{"name":"(anonymous_0)","decl":{"start":{"line":13,"column":17},"end":{"line":13,"column":18}},"loc":{"start":{"line":13,"column":58},"end":{"line":85,"column":1}},"line":13},"1":{"name":"(anonymous_1)","decl":{"start":{"line":16,"column":17},"end":{"line":16,"column":18}},"loc":{"start":{"line":16,"column":37},"end":{"line":21,"column":3}},"line":16},"2":{"name":"(anonymous_2)","decl":{"start":{"line":23,"column":36},"end":{"line":23,"column":37}},"loc":{"start":{"line":23,"column":50},"end":{"line":28,"column":3}},"line":23},"3":{"name":"(anonymous_3)","decl":{"start":{"line":30,"column":77},"end":{"line":30,"column":78}},"loc":{"start":{"line":30,"column":91},"end":{"line":36,"column":3}},"line":30},"4":{"name":"(anonymous_4)","decl":{"start":{"line":38,"column":60},"end":{"line":38,"column":61}},"loc":{"start":{"line":38,"column":74},"end":{"line":44,"column":3}},"line":38},"5":{"name":"(anonymous_5)","decl":{"start":{"line":46,"column":57},"end":{"line":46,"column":58}},"loc":{"start":{"line":46,"column":71},"end":{"line":57,"column":3}},"line":46},"6":{"name":"(anonymous_6)","decl":{"start":{"line":59,"column":66},"end":{"line":59,"column":67}},"loc":{"start":{"line":59,"column":86},"end":{"line":65,"column":3}},"line":59},"7":{"name":"(anonymous_7)","decl":{"start":{"line":68,"column":87},"end":{"line":68,"column":88}},"loc":{"start":{"line":68,"column":107},"end":{"line":75,"column":3}},"line":68},"8":{"name":"(anonymous_8)","decl":{"start":{"line":77,"column":130},"end":{"line":77,"column":131}},"loc":{"start":{"line":77,"column":150},"end":{"line":84,"column":3}},"line":77}},"branchMap":{"0":{"loc":{"start":{"line":50,"column":4},"end":{"line":53,"column":5}},"type":"if","locations":[{"start":{"line":50,"column":4},"end":{"line":53,"column":5}},{"start":{"line":50,"column":4},"end":{"line":53,"column":5}}],"line":50}},"s":{"0":1,"1":1,"2":1,"3":1,"4":1,"5":1,"6":1,"7":1,"8":11,"9":11,"10":3,"11":3,"12":11,"13":1,"14":1,"15":11,"16":1,"17":1,"18":1,"19":11,"20":1,"21":1,"22":1,"23":11,"24":2,"25":2,"26":2,"27":0,"28":2,"29":11,"30":0,"31":0,"32":0,"33":11,"34":0,"35":0,"36":0,"37":11,"38":0,"39":0,"40":0},"f":{"0":11,"1":3,"2":1,"3":1,"4":1,"5":2,"6":0,"7":0,"8":0},"b":{"0":[0,2]},"_coverageSchema":"1a1c01bbd47fc00a2c39e90264f33305004495a9","hash":"c4f7eb876411948e3accc916ea47e5341bf22d78"}
,"D:\\1. Develop\\2. ОБучение\\2. NodeJS\\2. Projects\\2. Typoteka\\1805971-typoteka-3\\src\\service\\api\\category.js": {"path":"D:\\1. Develop\\2. ОБучение\\2. NodeJS\\2. Projects\\2. Typoteka\\1805971-typoteka-3\\src\\service\\api\\category.js","statementMap":{"0":{"start":{"line":3,"column":17},"end":{"line":3,"column":35}},"1":{"start":{"line":4,"column":19},"end":{"line":4,"column":45}},"2":{"start":{"line":6,"column":14},"end":{"line":6,"column":26}},"3":{"start":{"line":8,"column":0},"end":{"line":16,"column":2}},"4":{"start":{"line":9,"column":2},"end":{"line":9,"column":32}},"5":{"start":{"line":11,"column":2},"end":{"line":15,"column":5}},"6":{"start":{"line":12,"column":23},"end":{"line":12,"column":46}},"7":{"start":{"line":13,"column":4},"end":{"line":14,"column":24}}},"fnMap":{"0":{"name":"(anonymous_0)","decl":{"start":{"line":8,"column":17},"end":{"line":8,"column":18}},"loc":{"start":{"line":8,"column":35},"end":{"line":16,"column":1}},"line":8},"1":{"name":"(anonymous_1)","decl":{"start":{"line":11,"column":17},"end":{"line":11,"column":18}},"loc":{"start":{"line":11,"column":37},"end":{"line":15,"column":3}},"line":11}},"branchMap":{},"s":{"0":1,"1":1,"2":1,"3":1,"4":1,"5":1,"6":1,"7":1},"f":{"0":1,"1":1},"b":{},"_coverageSchema":"1a1c01bbd47fc00a2c39e90264f33305004495a9","hash":"c3f7cc36483ca7539a88154e38ff87227ad192f7"}
,"D:\\1. Develop\\2. ОБучение\\2. NodeJS\\2. Projects\\2. Typoteka\\1805971-typoteka-3\\src\\service\\api\\search.js": {"path":"D:\\1. Develop\\2. ОБучение\\2. NodeJS\\2. Projects\\2. Typoteka\\1805971-typoteka-3\\src\\service\\api\\search.js","statementMap":{"0":{"start":{"line":3,"column":17},"end":{"line":3,"column":35}},"1":{"start":{"line":4,"column":19},"end":{"line":4,"column":45}},"2":{"start":{"line":6,"column":14},"end":{"line":6,"column":26}},"3":{"start":{"line":8,"column":0},"end":{"line":25,"column":2}},"4":{"start":{"line":9,"column":2},"end":{"line":9,"column":28}},"5":{"start":{"line":11,"column":2},"end":{"line":24,"column":5}},"6":{"start":{"line":12,"column":25},"end":{"line":12,"column":34}},"7":{"start":{"line":14,"column":4},"end":{"line":17,"column":5}},"8":{"start":{"line":15,"column":6},"end":{"line":15,"column":48}},"9":{"start":{"line":16,"column":6},"end":{"line":16,"column":13}},"10":{"start":{"line":19,"column":26},"end":{"line":19,"column":54}},"11":{"start":{"line":20,"column":25},"end":{"line":20,"column":84}},"12":{"start":{"line":22,"column":4},"end":{"line":23,"column":27}}},"fnMap":{"0":{"name":"(anonymous_0)","decl":{"start":{"line":8,"column":17},"end":{"line":8,"column":18}},"loc":{"start":{"line":8,"column":35},"end":{"line":25,"column":1}},"line":8},"1":{"name":"(anonymous_1)","decl":{"start":{"line":11,"column":17},"end":{"line":11,"column":18}},"loc":{"start":{"line":11,"column":37},"end":{"line":24,"column":3}},"line":11}},"branchMap":{"0":{"loc":{"start":{"line":12,"column":11},"end":{"line":12,"column":21}},"type":"default-arg","locations":[{"start":{"line":12,"column":19},"end":{"line":12,"column":21}}],"line":12},"1":{"loc":{"start":{"line":14,"column":4},"end":{"line":17,"column":5}},"type":"if","locations":[{"start":{"line":14,"column":4},"end":{"line":17,"column":5}},{"start":{"line":14,"column":4},"end":{"line":17,"column":5}}],"line":14},"2":{"loc":{"start":{"line":20,"column":25},"end":{"line":20,"column":84}},"type":"cond-expr","locations":[{"start":{"line":20,"column":52},"end":{"line":20,"column":63}},{"start":{"line":20,"column":66},"end":{"line":20,"column":84}}],"line":20}},"s":{"0":1,"1":1,"2":1,"3":1,"4":1,"5":1,"6":3,"7":3,"8":1,"9":1,"10":2,"11":2,"12":2},"f":{"0":1,"1":3},"b":{"0":[1],"1":[1,2],"2":[1,1]},"_coverageSchema":"1a1c01bbd47fc00a2c39e90264f33305004495a9","hash":"5b924d2cf5bf0ab899a15ae97a258c08c861bc8d"}
,"D:\\1. Develop\\2. ОБучение\\2. NodeJS\\2. Projects\\2. Typoteka\\1805971-typoteka-3\\src\\service\\data-service\\article.js": {"path":"D:\\1. Develop\\2. ОБучение\\2. NodeJS\\2. Projects\\2. Typoteka\\1805971-typoteka-3\\src\\service\\data-service\\article.js","statementMap":{"0":{"start":{"line":3,"column":17},"end":{"line":3,"column":34}},"1":{"start":{"line":4,"column":21},"end":{"line":4,"column":43}},"2":{"start":{"line":6,"column":22},"end":{"line":6,"column":23}},"3":{"start":{"line":10,"column":4},"end":{"line":10,"column":30}},"4":{"start":{"line":14,"column":4},"end":{"line":14,"column":26}},"5":{"start":{"line":18,"column":4},"end":{"line":18,"column":57}},"6":{"start":{"line":18,"column":41},"end":{"line":18,"column":55}},"7":{"start":{"line":22,"column":23},"end":{"line":28,"column":14}},"8":{"start":{"line":30,"column":4},"end":{"line":30,"column":36}},"9":{"start":{"line":32,"column":4},"end":{"line":32,"column":22}},"10":{"start":{"line":36,"column":20},"end":{"line":36,"column":65}},"11":{"start":{"line":36,"column":50},"end":{"line":36,"column":64}},"12":{"start":{"line":38,"column":4},"end":{"line":40,"column":5}},"13":{"start":{"line":39,"column":6},"end":{"line":39,"column":18}},"14":{"start":{"line":42,"column":4},"end":{"line":42,"column":69}},"15":{"start":{"line":42,"column":53},"end":{"line":42,"column":67}},"16":{"start":{"line":44,"column":4},"end":{"line":44,"column":19}},"17":{"start":{"line":48,"column":23},"end":{"line":48,"column":68}},"18":{"start":{"line":48,"column":53},"end":{"line":48,"column":67}},"19":{"start":{"line":50,"column":4},"end":{"line":50,"column":46}},"20":{"start":{"line":54,"column":0},"end":{"line":54,"column":32}}},"fnMap":{"0":{"name":"(anonymous_0)","decl":{"start":{"line":9,"column":2},"end":{"line":9,"column":3}},"loc":{"start":{"line":9,"column":24},"end":{"line":11,"column":3}},"line":9},"1":{"name":"(anonymous_1)","decl":{"start":{"line":13,"column":2},"end":{"line":13,"column":3}},"loc":{"start":{"line":13,"column":12},"end":{"line":15,"column":3}},"line":13},"2":{"name":"(anonymous_2)","decl":{"start":{"line":17,"column":2},"end":{"line":17,"column":3}},"loc":{"start":{"line":17,"column":14},"end":{"line":19,"column":3}},"line":17},"3":{"name":"(anonymous_3)","decl":{"start":{"line":18,"column":31},"end":{"line":18,"column":32}},"loc":{"start":{"line":18,"column":41},"end":{"line":18,"column":55}},"line":18},"4":{"name":"(anonymous_4)","decl":{"start":{"line":21,"column":2},"end":{"line":21,"column":3}},"loc":{"start":{"line":21,"column":18},"end":{"line":33,"column":3}},"line":21},"5":{"name":"(anonymous_5)","decl":{"start":{"line":35,"column":2},"end":{"line":35,"column":3}},"loc":{"start":{"line":35,"column":11},"end":{"line":45,"column":3}},"line":35},"6":{"name":"(anonymous_6)","decl":{"start":{"line":36,"column":40},"end":{"line":36,"column":41}},"loc":{"start":{"line":36,"column":50},"end":{"line":36,"column":64}},"line":36},"7":{"name":"(anonymous_7)","decl":{"start":{"line":42,"column":43},"end":{"line":42,"column":44}},"loc":{"start":{"line":42,"column":53},"end":{"line":42,"column":67}},"line":42},"8":{"name":"(anonymous_8)","decl":{"start":{"line":47,"column":2},"end":{"line":47,"column":3}},"loc":{"start":{"line":47,"column":22},"end":{"line":51,"column":3}},"line":47},"9":{"name":"(anonymous_9)","decl":{"start":{"line":48,"column":43},"end":{"line":48,"column":44}},"loc":{"start":{"line":48,"column":53},"end":{"line":48,"column":67}},"line":48}},"branchMap":{"0":{"loc":{"start":{"line":38,"column":4},"end":{"line":40,"column":5}},"type":"if","locations":[{"start":{"line":38,"column":4},"end":{"line":40,"column":5}},{"start":{"line":38,"column":4},"end":{"line":40,"column":5}}],"line":38}},"s":{"0":1,"1":1,"2":1,"3":11,"4":3,"5":9,"6":34,"7":1,"8":1,"9":1,"10":1,"11":3,"12":1,"13":0,"14":1,"15":6,"16":1,"17":1,"18":3,"19":1,"20":1},"f":{"0":11,"1":3,"2":9,"3":34,"4":1,"5":1,"6":3,"7":6,"8":1,"9":3},"b":{"0":[0,1]},"_coverageSchema":"1a1c01bbd47fc00a2c39e90264f33305004495a9","hash":"d06dcfe0c2cdadcb43121dbe8e41793655f6c5a8"}
,"D:\\1. Develop\\2. ОБучение\\2. NodeJS\\2. Projects\\2. Typoteka\\1805971-typoteka-3\\src\\service\\data-service\\category.js": {"path":"D:\\1. Develop\\2. ОБучение\\2. NodeJS\\2. Projects\\2. Typoteka\\1805971-typoteka-3\\src\\service\\data-service\\category.js","statementMap":{"0":{"start":{"line":5,"column":4},"end":{"line":5,"column":30}},"1":{"start":{"line":9,"column":23},"end":{"line":12,"column":17}},"2":{"start":{"line":10,"column":6},"end":{"line":10,"column":64}},"3":{"start":{"line":10,"column":45},"end":{"line":10,"column":62}},"4":{"start":{"line":11,"column":6},"end":{"line":11,"column":17}},"5":{"start":{"line":14,"column":4},"end":{"line":14,"column":27}},"6":{"start":{"line":18,"column":0},"end":{"line":18,"column":33}}},"fnMap":{"0":{"name":"(anonymous_0)","decl":{"start":{"line":4,"column":2},"end":{"line":4,"column":3}},"loc":{"start":{"line":4,"column":24},"end":{"line":6,"column":3}},"line":4},"1":{"name":"(anonymous_1)","decl":{"start":{"line":8,"column":2},"end":{"line":8,"column":3}},"loc":{"start":{"line":8,"column":12},"end":{"line":15,"column":3}},"line":8},"2":{"name":"(anonymous_2)","decl":{"start":{"line":9,"column":45},"end":{"line":9,"column":46}},"loc":{"start":{"line":9,"column":63},"end":{"line":12,"column":5}},"line":9},"3":{"name":"(anonymous_3)","decl":{"start":{"line":10,"column":31},"end":{"line":10,"column":32}},"loc":{"start":{"line":10,"column":45},"end":{"line":10,"column":62}},"line":10}},"branchMap":{},"s":{"0":1,"1":1,"2":5,"3":5,"4":5,"5":1,"6":1},"f":{"0":1,"1":1,"2":5,"3":5},"b":{},"_coverageSchema":"1a1c01bbd47fc00a2c39e90264f33305004495a9","hash":"d9ab36bf835531ad42f2f9f3c453b92ce3a5113b"}
,"D:\\1. Develop\\2. ОБучение\\2. NodeJS\\2. Projects\\2. Typoteka\\1805971-typoteka-3\\src\\service\\data-service\\comment.js": {"path":"D:\\1. Develop\\2. ОБучение\\2. NodeJS\\2. Projects\\2. Typoteka\\1805971-typoteka-3\\src\\service\\data-service\\comment.js","statementMap":{"0":{"start":{"line":3,"column":17},"end":{"line":3,"column":34}},"1":{"start":{"line":5,"column":22},"end":{"line":5,"column":23}},"2":{"start":{"line":9,"column":4},"end":{"line":9,"column":30}},"3":{"start":{"line":13,"column":4},"end":{"line":21,"column":5}},"4":{"start":{"line":14,"column":22},"end":{"line":14,"column":74}},"5":{"start":{"line":14,"column":52},"end":{"line":14,"column":73}},"6":{"start":{"line":15,"column":30},"end":{"line":18,"column":12}},"7":{"start":{"line":16,"column":8},"end":{"line":16,"column":28}},"8":{"start":{"line":17,"column":8},"end":{"line":17,"column":19}},"9":{"start":{"line":20,"column":6},"end":{"line":20,"column":29}},"10":{"start":{"line":23,"column":4},"end":{"line":23,"column":54}},"11":{"start":{"line":23,"column":39},"end":{"line":23,"column":52}},"12":{"start":{"line":27,"column":20},"end":{"line":27,"column":72}},"13":{"start":{"line":27,"column":50},"end":{"line":27,"column":71}},"14":{"start":{"line":28,"column":4},"end":{"line":28,"column":66}},"15":{"start":{"line":28,"column":43},"end":{"line":28,"column":64}},"16":{"start":{"line":32,"column":23},"end":{"line":33,"column":48}},"17":{"start":{"line":35,"column":20},"end":{"line":35,"column":72}},"18":{"start":{"line":35,"column":50},"end":{"line":35,"column":71}},"19":{"start":{"line":36,"column":4},"end":{"line":36,"column":38}},"20":{"start":{"line":38,"column":4},"end":{"line":38,"column":22}},"21":{"start":{"line":42,"column":20},"end":{"line":42,"column":72}},"22":{"start":{"line":42,"column":50},"end":{"line":42,"column":71}},"23":{"start":{"line":44,"column":4},"end":{"line":46,"column":5}},"24":{"start":{"line":45,"column":6},"end":{"line":45,"column":18}},"25":{"start":{"line":48,"column":20},"end":{"line":48,"column":74}},"26":{"start":{"line":48,"column":52},"end":{"line":48,"column":73}},"27":{"start":{"line":50,"column":4},"end":{"line":52,"column":5}},"28":{"start":{"line":51,"column":6},"end":{"line":51,"column":18}},"29":{"start":{"line":54,"column":4},"end":{"line":54,"column":79}},"30":{"start":{"line":54,"column":56},"end":{"line":54,"column":77}},"31":{"start":{"line":56,"column":4},"end":{"line":56,"column":19}},"32":{"start":{"line":60,"column":0},"end":{"line":60,"column":32}}},"fnMap":{"0":{"name":"(anonymous_0)","decl":{"start":{"line":8,"column":2},"end":{"line":8,"column":3}},"loc":{"start":{"line":8,"column":24},"end":{"line":10,"column":3}},"line":8},"1":{"name":"(anonymous_1)","decl":{"start":{"line":12,"column":2},"end":{"line":12,"column":3}},"loc":{"start":{"line":12,"column":21},"end":{"line":24,"column":3}},"line":12},"2":{"name":"(anonymous_2)","decl":{"start":{"line":14,"column":42},"end":{"line":14,"column":43}},"loc":{"start":{"line":14,"column":52},"end":{"line":14,"column":73}},"line":14},"3":{"name":"(anonymous_3)","decl":{"start":{"line":15,"column":54},"end":{"line":15,"column":55}},"loc":{"start":{"line":15,"column":69},"end":{"line":18,"column":7}},"line":15},"4":{"name":"(anonymous_4)","decl":{"start":{"line":23,"column":30},"end":{"line":23,"column":31}},"loc":{"start":{"line":23,"column":39},"end":{"line":23,"column":52}},"line":23},"5":{"name":"(anonymous_5)","decl":{"start":{"line":26,"column":2},"end":{"line":26,"column":3}},"loc":{"start":{"line":26,"column":32},"end":{"line":29,"column":3}},"line":26},"6":{"name":"(anonymous_6)","decl":{"start":{"line":27,"column":40},"end":{"line":27,"column":41}},"loc":{"start":{"line":27,"column":50},"end":{"line":27,"column":71}},"line":27},"7":{"name":"(anonymous_7)","decl":{"start":{"line":28,"column":33},"end":{"line":28,"column":34}},"loc":{"start":{"line":28,"column":43},"end":{"line":28,"column":64}},"line":28},"8":{"name":"(anonymous_8)","decl":{"start":{"line":31,"column":2},"end":{"line":31,"column":3}},"loc":{"start":{"line":31,"column":28},"end":{"line":39,"column":3}},"line":31},"9":{"name":"(anonymous_9)","decl":{"start":{"line":35,"column":40},"end":{"line":35,"column":41}},"loc":{"start":{"line":35,"column":50},"end":{"line":35,"column":71}},"line":35},"10":{"name":"(anonymous_10)","decl":{"start":{"line":41,"column":2},"end":{"line":41,"column":3}},"loc":{"start":{"line":41,"column":29},"end":{"line":57,"column":3}},"line":41},"11":{"name":"(anonymous_11)","decl":{"start":{"line":42,"column":40},"end":{"line":42,"column":41}},"loc":{"start":{"line":42,"column":50},"end":{"line":42,"column":71}},"line":42},"12":{"name":"(anonymous_12)","decl":{"start":{"line":48,"column":42},"end":{"line":48,"column":43}},"loc":{"start":{"line":48,"column":52},"end":{"line":48,"column":73}},"line":48},"13":{"name":"(anonymous_13)","decl":{"start":{"line":54,"column":47},"end":{"line":54,"column":48}},"loc":{"start":{"line":54,"column":56},"end":{"line":54,"column":77}},"line":54}},"branchMap":{"0":{"loc":{"start":{"line":13,"column":4},"end":{"line":21,"column":5}},"type":"if","locations":[{"start":{"line":13,"column":4},"end":{"line":21,"column":5}},{"start":{"line":13,"column":4},"end":{"line":21,"column":5}}],"line":13},"1":{"loc":{"start":{"line":44,"column":4},"end":{"line":46,"column":5}},"type":"if","locations":[{"start":{"line":44,"column":4},"end":{"line":46,"column":5}},{"start":{"line":44,"column":4},"end":{"line":46,"column":5}}],"line":44},"2":{"loc":{"start":{"line":50,"column":4},"end":{"line":52,"column":5}},"type":"if","locations":[{"start":{"line":50,"column":4},"end":{"line":52,"column":5}},{"start":{"line":50,"column":4},"end":{"line":52,"column":5}}],"line":50}},"s":{"0":1,"1":1,"2":11,"3":0,"4":0,"5":0,"6":0,"7":0,"8":0,"9":0,"10":0,"11":0,"12":0,"13":0,"14":0,"15":0,"16":0,"17":0,"18":0,"19":0,"20":0,"21":0,"22":0,"23":0,"24":0,"25":0,"26":0,"27":0,"28":0,"29":0,"30":0,"31":0,"32":1},"f":{"0":11,"1":0,"2":0,"3":0,"4":0,"5":0,"6":0,"7":0,"8":0,"9":0,"10":0,"11":0,"12":0,"13":0},"b":{"0":[0,0],"1":[0,0],"2":[0,0]},"_coverageSchema":"1a1c01bbd47fc00a2c39e90264f33305004495a9","hash":"3755d33d238815943a58304d92e7332146eea555"}
,"D:\\1. Develop\\2. ОБучение\\2. NodeJS\\2. Projects\\2. Typoteka\\1805971-typoteka-3\\src\\service\\data-service\\search.js": {"path":"D:\\1. Develop\\2. ОБучение\\2. NodeJS\\2. Projects\\2. Typoteka\\1805971-typoteka-3\\src\\service\\data-service\\search.js","statementMap":{"0":{"start":{"line":5,"column":4},"end":{"line":5,"column":30}},"1":{"start":{"line":9,"column":4},"end":{"line":9,"column":104}},"2":{"start":{"line":9,"column":43},"end":{"line":9,"column":102}},"3":{"start":{"line":13,"column":0},"end":{"line":13,"column":31}}},"fnMap":{"0":{"name":"(anonymous_0)","decl":{"start":{"line":4,"column":2},"end":{"line":4,"column":3}},"loc":{"start":{"line":4,"column":24},"end":{"line":6,"column":3}},"line":4},"1":{"name":"(anonymous_1)","decl":{"start":{"line":8,"column":2},"end":{"line":8,"column":3}},"loc":{"start":{"line":8,"column":22},"end":{"line":10,"column":3}},"line":8},"2":{"name":"(anonymous_2)","decl":{"start":{"line":9,"column":33},"end":{"line":9,"column":34}},"loc":{"start":{"line":9,"column":43},"end":{"line":9,"column":102}},"line":9}},"branchMap":{},"s":{"0":1,"1":2,"2":10,"3":1},"f":{"0":1,"1":2,"2":10},"b":{},"_coverageSchema":"1a1c01bbd47fc00a2c39e90264f33305004495a9","hash":"072f2969523d5603848396a2e9971c475f5ce30b"}
,"D:\\1. Develop\\2. ОБучение\\2. NodeJS\\2. Projects\\2. Typoteka\\1805971-typoteka-3\\src\\service\\middlewares\\article-exists.js": {"path":"D:\\1. Develop\\2. ОБучение\\2. NodeJS\\2. Projects\\2. Typoteka\\1805971-typoteka-3\\src\\service\\middlewares\\article-exists.js","statementMap":{"0":{"start":{"line":3,"column":19},"end":{"line":3,"column":45}},"1":{"start":{"line":5,"column":0},"end":{"line":15,"column":2}},"2":{"start":{"line":5,"column":30},"end":{"line":15,"column":1}},"3":{"start":{"line":6,"column":22},"end":{"line":6,"column":32}},"4":{"start":{"line":7,"column":18},"end":{"line":7,"column":50}},"5":{"start":{"line":9,"column":2},"end":{"line":12,"column":3}},"6":{"start":{"line":10,"column":4},"end":{"line":11,"column":51}},"7":{"start":{"line":14,"column":2},"end":{"line":14,"column":16}}},"fnMap":{"0":{"name":"(anonymous_0)","decl":{"start":{"line":5,"column":17},"end":{"line":5,"column":18}},"loc":{"start":{"line":5,"column":30},"end":{"line":15,"column":1}},"line":5},"1":{"name":"(anonymous_1)","decl":{"start":{"line":5,"column":30},"end":{"line":5,"column":31}},"loc":{"start":{"line":5,"column":56},"end":{"line":15,"column":1}},"line":5}},"branchMap":{"0":{"loc":{"start":{"line":9,"column":2},"end":{"line":12,"column":3}},"type":"if","locations":[{"start":{"line":9,"column":2},"end":{"line":12,"column":3}},{"start":{"line":9,"column":2},"end":{"line":12,"column":3}}],"line":9}},"s":{"0":1,"1":1,"2":66,"3":7,"4":7,"5":7,"6":3,"7":4},"f":{"0":66,"1":7},"b":{"0":[3,4]},"_coverageSchema":"1a1c01bbd47fc00a2c39e90264f33305004495a9","hash":"64c78abf60a0cf687af9d56edd546bcaa93e6a81"}
,"D:\\1. Develop\\2. ОБучение\\2. NodeJS\\2. Projects\\2. Typoteka\\1805971-typoteka-3\\src\\service\\middlewares\\article-validator.js": {"path":"D:\\1. Develop\\2. ОБучение\\2. NodeJS\\2. Projects\\2. Typoteka\\1805971-typoteka-3\\src\\service\\middlewares\\article-validator.js","statementMap":{"0":{"start":{"line":3,"column":19},"end":{"line":3,"column":45}},"1":{"start":{"line":5,"column":20},"end":{"line":5,"column":53}},"2":{"start":{"line":7,"column":0},"end":{"line":18,"column":2}},"3":{"start":{"line":8,"column":21},"end":{"line":8,"column":29}},"4":{"start":{"line":9,"column":15},"end":{"line":9,"column":38}},"5":{"start":{"line":10,"column":21},"end":{"line":10,"column":67}},"6":{"start":{"line":10,"column":48},"end":{"line":10,"column":66}},"7":{"start":{"line":12,"column":2},"end":{"line":15,"column":3}},"8":{"start":{"line":13,"column":4},"end":{"line":14,"column":27}},"9":{"start":{"line":17,"column":2},"end":{"line":17,"column":16}}},"fnMap":{"0":{"name":"(anonymous_0)","decl":{"start":{"line":7,"column":17},"end":{"line":7,"column":18}},"loc":{"start":{"line":7,"column":37},"end":{"line":18,"column":1}},"line":7},"1":{"name":"(anonymous_1)","decl":{"start":{"line":10,"column":39},"end":{"line":10,"column":40}},"loc":{"start":{"line":10,"column":48},"end":{"line":10,"column":66}},"line":10}},"branchMap":{"0":{"loc":{"start":{"line":12,"column":2},"end":{"line":15,"column":3}},"type":"if","locations":[{"start":{"line":12,"column":2},"end":{"line":15,"column":3}},{"start":{"line":12,"column":2},"end":{"line":15,"column":3}}],"line":12}},"s":{"0":1,"1":1,"2":1,"3":6,"4":6,"5":6,"6":12,"7":6,"8":3,"9":3},"f":{"0":6,"1":12},"b":{"0":[3,3]},"_coverageSchema":"1a1c01bbd47fc00a2c39e90264f33305004495a9","hash":"41e406772da185c0ae33ace2793d584ce372e050"}
,"D:\\1. Develop\\2. ОБучение\\2. NodeJS\\2. Projects\\2. Typoteka\\1805971-typoteka-3\\src\\service\\middlewares\\comment-exist.js": {"path":"D:\\1. Develop\\2. ОБучение\\2. NodeJS\\2. Projects\\2. Typoteka\\1805971-typoteka-3\\src\\service\\middlewares\\comment-exist.js","statementMap":{"0":{"start":{"line":3,"column":19},"end":{"line":3,"column":45}},"1":{"start":{"line":5,"column":0},"end":{"line":15,"column":2}},"2":{"start":{"line":5,"column":30},"end":{"line":15,"column":1}},"3":{"start":{"line":6,"column":33},"end":{"line":6,"column":43}},"4":{"start":{"line":7,"column":18},"end":{"line":7,"column":61}},"5":{"start":{"line":9,"column":2},"end":{"line":12,"column":3}},"6":{"start":{"line":10,"column":4},"end":{"line":11,"column":51}},"7":{"start":{"line":14,"column":2},"end":{"line":14,"column":16}}},"fnMap":{"0":{"name":"(anonymous_0)","decl":{"start":{"line":5,"column":17},"end":{"line":5,"column":18}},"loc":{"start":{"line":5,"column":30},"end":{"line":15,"column":1}},"line":5},"1":{"name":"(anonymous_1)","decl":{"start":{"line":5,"column":30},"end":{"line":5,"column":31}},"loc":{"start":{"line":5,"column":56},"end":{"line":15,"column":1}},"line":5}},"branchMap":{"0":{"loc":{"start":{"line":9,"column":2},"end":{"line":12,"column":3}},"type":"if","locations":[{"start":{"line":9,"column":2},"end":{"line":12,"column":3}},{"start":{"line":9,"column":2},"end":{"line":12,"column":3}}],"line":9}},"s":{"0":1,"1":1,"2":11,"3":0,"4":0,"5":0,"6":0,"7":0},"f":{"0":11,"1":0},"b":{"0":[0,0]},"_coverageSchema":"1a1c01bbd47fc00a2c39e90264f33305004495a9","hash":"d4cc76d7e9ee72f18ebe6c72bc52c33627057e6a"}
,"D:\\1. Develop\\2. ОБучение\\2. NodeJS\\2. Projects\\2. Typoteka\\1805971-typoteka-3\\src\\service\\middlewares\\comment-validator.js": {"path":"D:\\1. Develop\\2. ОБучение\\2. NodeJS\\2. Projects\\2. Typoteka\\1805971-typoteka-3\\src\\service\\middlewares\\comment-validator.js","statementMap":{"0":{"start":{"line":3,"column":19},"end":{"line":3,"column":45}},"1":{"start":{"line":5,"column":20},"end":{"line":5,"column":28}},"2":{"start":{"line":7,"column":0},"end":{"line":19,"column":2}},"3":{"start":{"line":8,"column":21},"end":{"line":8,"column":29}},"4":{"start":{"line":10,"column":15},"end":{"line":10,"column":38}},"5":{"start":{"line":11,"column":21},"end":{"line":11,"column":67}},"6":{"start":{"line":11,"column":48},"end":{"line":11,"column":66}},"7":{"start":{"line":13,"column":2},"end":{"line":16,"column":3}},"8":{"start":{"line":14,"column":4},"end":{"line":15,"column":27}},"9":{"start":{"line":18,"column":2},"end":{"line":18,"column":16}}},"fnMap":{"0":{"name":"(anonymous_0)","decl":{"start":{"line":7,"column":17},"end":{"line":7,"column":18}},"loc":{"start":{"line":7,"column":37},"end":{"line":19,"column":1}},"line":7},"1":{"name":"(anonymous_1)","decl":{"start":{"line":11,"column":39},"end":{"line":11,"column":40}},"loc":{"start":{"line":11,"column":48},"end":{"line":11,"column":66}},"line":11}},"branchMap":{"0":{"loc":{"start":{"line":13,"column":2},"end":{"line":16,"column":3}},"type":"if","locations":[{"start":{"line":13,"column":2},"end":{"line":16,"column":3}},{"start":{"line":13,"column":2},"end":{"line":16,"column":3}}],"line":13}},"s":{"0":1,"1":1,"2":1,"3":0,"4":0,"5":0,"6":0,"7":0,"8":0,"9":0},"f":{"0":0,"1":0},"b":{"0":[0,0]},"_coverageSchema":"1a1c01bbd47fc00a2c39e90264f33305004495a9","hash":"cae5ecc21f9e1f28e01875a12908a6e77cd03704"}
}
